<?xml version="1.0" encoding="UTF-8"?>
<testng-results ignored="0" total="1" passed="1" failed="0" skipped="0">
  <reporter-output>
  </reporter-output>
  <suite started-at="2023-09-19T11:46:18 EDT" name="Default suite" finished-at="2023-09-19T11:46:39 EDT" duration-ms="21632">
    <groups>
    </groups>
    <test started-at="2023-09-19T11:46:18 EDT" name="Default test" finished-at="2023-09-19T11:46:39 EDT" duration-ms="21632">
      <class name="pages.HomePageTest">
        <test-method is-config="true" signature="setUp()[pri:0, instance:pages.HomePageTest@1ab3a8c8]" started-at="2023-09-19T11:46:18 EDT" name="setUp" finished-at="2023-09-19T11:46:23 EDT" duration-ms="5188" status="PASS">
          <reporter-output>
          </reporter-output>
        </test-method> <!-- setUp -->
        <test-method signature="test()[pri:0, instance:pages.HomePageTest@1ab3a8c8]" started-at="2023-09-19T11:46:23 EDT" name="test" finished-at="2023-09-19T11:46:39 EDT" duration-ms="16042" status="PASS">
          <reporter-output>
          </reporter-output>
        </test-method> <!-- test -->
        <test-method is-config="true" signature="tearUp()[pri:0, instance:pages.HomePageTest@1ab3a8c8]" started-at="2023-09-19T11:46:39 EDT" name="tearUp" finished-at="2023-09-19T11:46:39 EDT" duration-ms="370" status="PASS">
          <reporter-output>
          </reporter-output>
        </test-method> <!-- tearUp -->
      </class> <!-- pages.HomePageTest -->
    </test> <!-- Default test -->
  </suite> <!-- Default suite -->
</testng-results>
